<?xml version="1.0" encoding="UTF-8"?>
<testng-results ignored="0" total="1" passed="1" failed="0" skipped="0">
  <reporter-output>
  </reporter-output>
  <suite started-at="2022-11-16T17:40:33 PST" name="Default suite" finished-at="2022-11-16T17:44:51 PST" duration-ms="257848">
    <groups>
    </groups>
    <test started-at="2022-11-16T17:40:33 PST" name="Default test" finished-at="2022-11-16T17:44:51 PST" duration-ms="257848">
      <class name="Devopcasting_testcases.Devopcasting_Docker_Test">
        <test-method signature="Opendocker()[pri:0, instance:Devopcasting_testcases.Devopcasting_Docker_Test@131774fe]" started-at="2022-11-16T17:40:33 PST" name="Opendocker" finished-at="2022-11-16T17:44:51 PST" duration-ms="257767" status="PASS">
          <reporter-output>
          </reporter-output>
        </test-method> <!-- Opendocker -->
      </class> <!-- Devopcasting_testcases.Devopcasting_Docker_Test -->
    </test> <!-- Default test -->
  </suite> <!-- Default suite -->
</testng-results>
